<?xml version="1.0" encoding="UTF-8"?>
<testng-results ignored="0" total="1" passed="0" failed="1" skipped="0">
  <reporter-output>
  </reporter-output>
  <suite started-at="2024-05-28T09:14:09 IST" name="Default suite" finished-at="2024-05-28T09:14:35 IST" duration-ms="26114">
    <groups>
      <group name="cucumber">
        <method signature="AbstractTestNGCucumberTests.runScenario(io.cucumber.testng.PickleWrapper,io.cucumber.testng.FeatureWrapper)[pri:0, instance:Runner.TestNG_Runner@54e041a4]" name="runScenario" class="io.cucumber.testng.AbstractTestNGCucumberTests"/>
      </group> <!-- cucumber -->
    </groups>
    <test started-at="2024-05-28T09:14:09 IST" name="Default test" finished-at="2024-05-28T09:14:35 IST" duration-ms="26114">
      <class name="Runner.TestNG_Runner">
        <test-method is-config="true" signature="setUpClass(org.testng.ITestContext)[pri:0, instance:Runner.TestNG_Runner@54e041a4]" started-at="2024-05-28T09:14:09 IST" name="setUpClass" finished-at="2024-05-28T09:14:10 IST" duration-ms="752" status="PASS">
          <params>
            <param index="0">
              <value>
                <![CDATA[org.testng.TestRunner@796cf2b5]]>
              </value>
            </param>
          </params>
          <reporter-output>
          </reporter-output>
        </test-method> <!-- setUpClass -->
        <test-method signature="runScenario(io.cucumber.testng.PickleWrapper,io.cucumber.testng.FeatureWrapper)[pri:0, instance:Runner.TestNG_Runner@54e041a4]" started-at="2024-05-28T09:14:10 IST" name="runScenario" description="Runs Cucumber Scenarios" data-provider="scenarios" finished-at="2024-05-28T09:14:32 IST" duration-ms="21583" status="FAIL">
          <params>
            <param index="0">
              <value>
                <![CDATA["User must be able to provide personal profile information"]]>
              </value>
            </param>
            <param index="1">
              <value>
                <![CDATA["Profile"]]>
              </value>
            </param>
          </params>
          <exception class="org.openqa.selenium.TimeoutException">
            <message>
              <![CDATA[Expected condition failed: waiting for visibility of [[ChromeDriver: chrome on linux (b52de1d79f01b9bade12ed03e953a8f8)] -> xpath: //a[normalize-space()='Personal Profile']] (tried for 10 second(s) with 500 milliseconds interval)
Build info: version: '4.20.0', revision: '866c76ca80'
System info: os.name: 'Linux', os.arch: 'amd64', os.version: '5.15.0-107-generic', java.version: '17.0.10'
Driver info: org.openqa.selenium.chrome.ChromeDriver
Capabilities {acceptInsecureCerts: false, browserName: chrome, browserVersion: 122.0.6261.111, chrome: {chromedriverVersion: 122.0.6261.94 (880dbf29479c..., userDataDir: /tmp/.org.chromium.Chromium...}, fedcm:accounts: true, goog:chromeOptions: {debuggerAddress: localhost:38675}, networkConnectionEnabled: false, pageLoadStrategy: normal, platformName: linux, proxy: Proxy(), se:cdp: ws://localhost:38675/devtoo..., se:cdpVersion: 122.0.6261.111, setWindowRect: true, strictFileInteractability: false, timeouts: {implicit: 0, pageLoad: 300000, script: 30000}, unhandledPromptBehavior: dismiss and notify, webauthn:extension:credBlob: true, webauthn:extension:largeBlob: true, webauthn:extension:minPinLength: true, webauthn:extension:prf: true, webauthn:virtualAuthenticators: true}
Session ID: b52de1d79f01b9bade12ed03e953a8f8]]>
            </message>
            <full-stacktrace>
              <![CDATA[org.openqa.selenium.TimeoutException: Expected condition failed: waiting for visibility of [[ChromeDriver: chrome on linux (b52de1d79f01b9bade12ed03e953a8f8)] -> xpath: //a[normalize-space()='Personal Profile']] (tried for 10 second(s) with 500 milliseconds interval)
Build info: version: '4.20.0', revision: '866c76ca80'
System info: os.name: 'Linux', os.arch: 'amd64', os.version: '5.15.0-107-generic', java.version: '17.0.10'
Driver info: org.openqa.selenium.chrome.ChromeDriver
Capabilities {acceptInsecureCerts: false, browserName: chrome, browserVersion: 122.0.6261.111, chrome: {chromedriverVersion: 122.0.6261.94 (880dbf29479c..., userDataDir: /tmp/.org.chromium.Chromium...}, fedcm:accounts: true, goog:chromeOptions: {debuggerAddress: localhost:38675}, networkConnectionEnabled: false, pageLoadStrategy: normal, platformName: linux, proxy: Proxy(), se:cdp: ws://localhost:38675/devtoo..., se:cdpVersion: 122.0.6261.111, setWindowRect: true, strictFileInteractability: false, timeouts: {implicit: 0, pageLoad: 300000, script: 30000}, unhandledPromptBehavior: dismiss and notify, webauthn:extension:credBlob: true, webauthn:extension:largeBlob: true, webauthn:extension:minPinLength: true, webauthn:extension:prf: true, webauthn:virtualAuthenticators: true}
Session ID: b52de1d79f01b9bade12ed03e953a8f8
at org.openqa.selenium.support.ui.WebDriverWait.timeoutException(WebDriverWait.java:84)
at org.openqa.selenium.support.ui.FluentWait.until(FluentWait.java:228)
at pageobjects.Profilepage.Personalprofile(Profilepage.java:76)
at Stepdefinitions.Profile.personal_profile_should_be_displaying(Profile.java:46)
at ✽.Personal profile should be displaying(file:///home/chitra/git/Al_Arabia_PhaseII/Al_Arabia_Project/src/test/resources/Features/05_Profile.feature:10)
]]>
            </full-stacktrace>
          </exception> <!-- org.openqa.selenium.TimeoutException -->
          <reporter-output>
          </reporter-output>
        </test-method> <!-- runScenario -->
        <test-method is-config="true" signature="tearDownClass()[pri:0, instance:Runner.TestNG_Runner@54e041a4]" started-at="2024-05-28T09:14:32 IST" name="tearDownClass" finished-at="2024-05-28T09:14:35 IST" duration-ms="3743" status="PASS">
          <reporter-output>
          </reporter-output>
        </test-method> <!-- tearDownClass -->
      </class> <!-- Runner.TestNG_Runner -->
    </test> <!-- Default test -->
  </suite> <!-- Default suite -->
</testng-results>
