<?xml version="1.0" encoding="UTF-8"?>
<!-- Generated by org.testng.reporters.JUnitXMLReporter -->
<testsuite ignored="0" hostname="coducer-HP-240-G8-Notebook-PC" failures="0" tests="2" name="Cucumber Test" time="22.391" errors="0" timestamp="2024-05-06T12:42:40 IST">
  <testcase classname="io.cucumber.testng.AbstractTestNGCucumberTests" name="runScenario" time="10.992"/>
  <testcase classname="io.cucumber.testng.AbstractTestNGCucumberTests" name="runScenario" time="6.1"/>
</testsuite> <!-- Cucumber Test -->
